<?xml version="1.0" encoding="utf-8"?><testsuites name="pytest tests"><testsuite name="pytest" errors="0" failures="0" skipped="0" tests="18" time="14.707" timestamp="2026-06-09T18:28:40.505639+00:00" hostname="agent-env-ff1b3867-0268-49c4-afb6-154f92edc439"><testcase classname="backend.tests.test_phase2_lumiasign" name="test_login_all_six_roles" time="3.286" /><testcase classname="backend.tests.test_phase2_lumiasign" name="test_constants_lists" time="0.117" /><testcase classname="backend.tests.test_phase2_lumiasign" name="test_suppliers_crud_and_ledger" time="0.691" /><testcase classname="backend.tests.test_phase2_lumiasign" name="test_materials_new_fields_and_filter" time="0.787" /><testcase classname="backend.tests.test_phase2_lumiasign" name="test_stock_in_updates_purchase_rate_and_qty" time="0.516" /><testcase classname="backend.tests.test_phase2_lumiasign" name="test_stock_out_rejects_negative_and_rolls_up_cost" time="0.887" /><testcase classname="backend.tests.test_phase2_lumiasign" name="test_purchase_cash_paid_and_gst_math" time="0.255" /><testcase classname="backend.tests.test_phase2_lumiasign" name="test_purchase_credit_pending" time="0.234" /><testcase classname="backend.tests.test_phase2_lumiasign" name="test_purchase_approve_and_receive_flow" time="1.310" /><testcase classname="backend.tests.test_phase2_lumiasign" name="test_vendor_payment_apply_and_reverse" time="0.952" /><testcase classname="backend.tests.test_phase2_lumiasign" name="test_project_approve_and_complete_production" time="0.462" /><testcase classname="backend.tests.test_phase2_lumiasign" name="test_production_requires_approved_project" time="0.339" /><testcase classname="backend.tests.test_phase2_lumiasign" name="test_production_full_lifecycle" time="2.178" /><testcase classname="backend.tests.test_phase2_lumiasign" name="test_installation_requires_production_complete" time="0.408" /><testcase classname="backend.tests.test_phase2_lumiasign" name="test_installation_photos_signoff" time="1.818" /><testcase classname="backend.tests.test_phase2_lumiasign" name="test_dashboard_new_fields" time="0.127" /><testcase classname="backend.tests.test_phase2_lumiasign" name="test_profit_analysis_margin_alert" time="0.121" /><testcase classname="backend.tests.test_phase2_lumiasign" name="test_reports_summary_new_fields" time="0.108" /></testsuite></testsuites>