<?xml version="1.0" encoding="utf-8"?><testsuites name="pytest tests"><testsuite name="pytest" errors="0" failures="0" skipped="0" tests="28" time="25.999" timestamp="2026-06-09T18:46:41.543283+00:00" hostname="agent-env-ff1b3867-0268-49c4-afb6-154f92edc439"><testcase classname="backend.tests.test_phase3_lumiasign.TestInvoices" name="test_create_invoice_intra_state_splits_cgst_sgst" time="3.146" /><testcase classname="backend.tests.test_phase3_lumiasign.TestInvoices" name="test_create_invoice_inter_state_uses_igst" time="0.191" /><testcase classname="backend.tests.test_phase3_lumiasign.TestInvoices" name="test_update_invoice_recomputes" time="0.120" /><testcase classname="backend.tests.test_phase3_lumiasign.TestInvoices" name="test_add_payment_partial_then_full" time="0.239" /><testcase classname="backend.tests.test_phase3_lumiasign.TestInvoices" name="test_update_rejected_on_fully_paid" time="0.142" /><testcase classname="backend.tests.test_phase3_lumiasign.TestInvoices" name="test_delete_payment_requires_admin_and_reverses" time="0.279" /><testcase classname="backend.tests.test_phase3_lumiasign.TestGST" name="test_gst_summary_fields" time="0.124" /><testcase classname="backend.tests.test_phase3_lumiasign.TestGST" name="test_gst_monthly_bucketed" time="0.116" /><testcase classname="backend.tests.test_phase3_lumiasign.TestCEODashboard" name="test_dashboard_structure_and_health_score" time="0.124" /><testcase classname="backend.tests.test_phase3_lumiasign.TestCEODashboard" name="test_dashboard_rbac" time="0.246" /><testcase classname="backend.tests.test_phase3_lumiasign.TestProfitAnalytics" name="test_profit_by_client_sorted_desc" time="0.118" /><testcase classname="backend.tests.test_phase3_lumiasign.TestProfitAnalytics" name="test_profit_by_category" time="0.110" /><testcase classname="backend.tests.test_phase3_lumiasign.TestProjectHealth" name="test_health_structure_and_colors" time="0.129" /><testcase classname="backend.tests.test_phase3_lumiasign.TestAIEstimator" name="test_ai_cost_estimate_signage" time="17.703" /><testcase classname="backend.tests.test_phase3_lumiasign.TestAIEstimator" name="test_ai_cost_estimate_rbac" time="0.162" /><testcase classname="backend.tests.test_phase3_lumiasign.TestMessaging" name="test_whatsapp_link_for_invoice" time="0.228" /><testcase classname="backend.tests.test_phase3_lumiasign.TestMessaging" name="test_email_link_for_project" time="0.120" /><testcase classname="backend.tests.test_phase3_lumiasign.TestNotifications" name="test_notifications_contains_low_stock" time="0.132" /><testcase classname="backend.tests.test_phase3_lumiasign.TestAuditLog" name="test_audit_log_admin_only" time="0.226" /><testcase classname="backend.tests.test_phase3_lumiasign.TestDocuments" name="test_documents_crud" time="0.676" /><testcase classname="backend.tests.test_phase3_lumiasign.TestReports" name="test_export_csv_kinds[revenue]" time="0.117" /><testcase classname="backend.tests.test_phase3_lumiasign.TestReports" name="test_export_csv_kinds[gst]" time="0.126" /><testcase classname="backend.tests.test_phase3_lumiasign.TestReports" name="test_export_csv_kinds[inventory]" time="0.115" /><testcase classname="backend.tests.test_phase3_lumiasign.TestReports" name="test_export_csv_kinds[purchases]" time="0.118" /><testcase classname="backend.tests.test_phase3_lumiasign.TestReports" name="test_export_csv_kinds[outstanding]" time="0.107" /><testcase classname="backend.tests.test_phase3_lumiasign.TestReports" name="test_export_csv_kinds[clients]" time="0.127" /><testcase classname="backend.tests.test_phase3_lumiasign.TestReports" name="test_export_unknown_kind_400" time="0.135" /><testcase classname="backend.tests.test_phase3_lumiasign.TestSubcontractCost" name="test_subcontract_cost_in_total" time="0.647" /></testsuite></testsuites>