<?xml version="1.0" encoding="utf-8"?><testsuites name="pytest tests"><testsuite name="pytest" errors="0" failures="0" skipped="0" tests="26" time="9.213" timestamp="2026-06-09T19:29:18.222549+00:00" hostname="agent-env-ff1b3867-0268-49c4-afb6-154f92edc439"><testcase classname="backend.tests.test_phase35_vyapar.TestInvoiceLineDiscountTax" name="test_per_line_discount_and_tax" time="1.983" /><testcase classname="backend.tests.test_phase35_vyapar.TestInvoiceLineDiscountTax" name="test_line_tax_falls_back_to_header_gst_when_absent" time="0.127" /><testcase classname="backend.tests.test_phase35_vyapar.TestInvoiceLineDiscountTax" name="test_inter_state_uses_igst" time="0.173" /><testcase classname="backend.tests.test_phase35_vyapar.TestInvoiceDocType" name="test_default_doc_type_is_sale_invoice" time="0.140" /><testcase classname="backend.tests.test_phase35_vyapar.TestInvoiceDocType" name="test_doc_type_persists_on_create[sale_invoice]" time="0.548" /><testcase classname="backend.tests.test_phase35_vyapar.TestInvoiceDocType" name="test_doc_type_persists_on_create[estimate]" time="0.518" /><testcase classname="backend.tests.test_phase35_vyapar.TestInvoiceDocType" name="test_doc_type_persists_on_create[proforma]" time="0.242" /><testcase classname="backend.tests.test_phase35_vyapar.TestInvoiceDocType" name="test_doc_type_persists_on_create[delivery_challan]" time="0.247" /><testcase classname="backend.tests.test_phase35_vyapar.TestInvoiceDocType" name="test_doc_type_persists_on_create[sale_return]" time="0.234" /><testcase classname="backend.tests.test_phase35_vyapar.TestInvoiceDocType" name="test_doc_type_persists_on_create[credit_note]" time="0.241" /><testcase classname="backend.tests.test_phase35_vyapar.TestInvoiceDocType" name="test_doc_type_persists_on_update" time="0.254" /><testcase classname="backend.tests.test_phase35_vyapar.TestParties" name="test_create_party_and_list" time="0.255" /><testcase classname="backend.tests.test_phase35_vyapar.TestParties" name="test_party_aggregates_invoice" time="0.375" /><testcase classname="backend.tests.test_phase35_vyapar.TestParties" name="test_kind_filter" time="0.214" /><testcase classname="backend.tests.test_phase35_vyapar.TestParties" name="test_update_party" time="0.235" /><testcase classname="backend.tests.test_phase35_vyapar.TestParties" name="test_delete_party_admin_only" time="0.330" /><testcase classname="backend.tests.test_phase35_vyapar.TestPartyLedger" name="test_ledger_entries_and_running_balance" time="0.444" /><testcase classname="backend.tests.test_phase35_vyapar.TestExpenses" name="test_expense_categories" time="0.111" /><testcase classname="backend.tests.test_phase35_vyapar.TestExpenses" name="test_create_expense_auto_no_and_gst" time="0.223" /><testcase classname="backend.tests.test_phase35_vyapar.TestExpenses" name="test_expense_create_forbidden_for_non_accounts" time="0.116" /><testcase classname="backend.tests.test_phase35_vyapar.TestExpenses" name="test_expense_delete_admin_or_accounts" time="1.148" /><testcase classname="backend.tests.test_phase35_vyapar.TestCashAccounts" name="test_auto_seed_and_balance_fields" time="0.113" /><testcase classname="backend.tests.test_phase35_vyapar.TestCashAccounts" name="test_create_cash_account" time="0.213" /><testcase classname="backend.tests.test_phase35_vyapar.TestCashAccounts" name="test_cash_accounts_forbidden_for_sales" time="0.109" /><testcase classname="backend.tests.test_phase35_vyapar.TestDaybook" name="test_daybook_default_today" time="0.373" /><testcase classname="backend.tests.test_phase35_vyapar.TestDaybook" name="test_daybook_date_filter" time="0.129" /></testsuite></testsuites>