<?xml version="1.0" encoding="utf-8"?><testsuites name="pytest tests"><testsuite name="pytest" errors="0" failures="0" skipped="0" tests="36" time="15.395" timestamp="2026-06-09T17:50:54.135601+00:00" hostname="agent-env-ff1b3867-0268-49c4-afb6-154f92edc439"><testcase classname="backend.tests.test_lumiasign_erp.TestAuth" name="test_login_admin" time="0.481" /><testcase classname="backend.tests.test_lumiasign_erp.TestAuth" name="test_login_each_role[sales]" time="0.384" /><testcase classname="backend.tests.test_lumiasign_erp.TestAuth" name="test_login_each_role[production]" time="0.381" /><testcase classname="backend.tests.test_lumiasign_erp.TestAuth" name="test_login_each_role[store]" time="0.373" /><testcase classname="backend.tests.test_lumiasign_erp.TestAuth" name="test_login_each_role[accounts]" time="0.335" /><testcase classname="backend.tests.test_lumiasign_erp.TestAuth" name="test_login_each_role[installation]" time="0.330" /><testcase classname="backend.tests.test_lumiasign_erp.TestAuth" name="test_login_wrong_password" time="0.408" /><testcase classname="backend.tests.test_lumiasign_erp.TestAuth" name="test_me_without_token" time="0.105" /><testcase classname="backend.tests.test_lumiasign_erp.TestAuth" name="test_me_with_token" time="2.185" /><testcase classname="backend.tests.test_lumiasign_erp.TestDashboard" name="test_stats_admin" time="0.142" /><testcase classname="backend.tests.test_lumiasign_erp.TestDashboard" name="test_stats_all_roles[sales]" time="0.138" /><testcase classname="backend.tests.test_lumiasign_erp.TestDashboard" name="test_stats_all_roles[production]" time="0.104" /><testcase classname="backend.tests.test_lumiasign_erp.TestDashboard" name="test_stats_all_roles[store]" time="0.114" /><testcase classname="backend.tests.test_lumiasign_erp.TestDashboard" name="test_stats_all_roles[accounts]" time="0.099" /><testcase classname="backend.tests.test_lumiasign_erp.TestDashboard" name="test_stats_all_roles[installation]" time="0.115" /><testcase classname="backend.tests.test_lumiasign_erp.TestLeads" name="test_sales_can_list" time="0.123" /><testcase classname="backend.tests.test_lumiasign_erp.TestLeads" name="test_non_sales_forbidden[production]" time="1.149" /><testcase classname="backend.tests.test_lumiasign_erp.TestLeads" name="test_non_sales_forbidden[store]" time="0.144" /><testcase classname="backend.tests.test_lumiasign_erp.TestLeads" name="test_non_sales_forbidden[installation]" time="0.136" /><testcase classname="backend.tests.test_lumiasign_erp.TestLeads" name="test_lead_crud" time="0.323" /><testcase classname="backend.tests.test_lumiasign_erp.TestQuotations" name="test_quote_create_totals" time="0.329" /><testcase classname="backend.tests.test_lumiasign_erp.TestProjects" name="test_project_crud_and_costs_init" time="0.715" /><testcase classname="backend.tests.test_lumiasign_erp.TestProjects" name="test_store_cannot_create_project" time="0.105" /><testcase classname="backend.tests.test_lumiasign_erp.TestProduction" name="test_production_lifecycle" time="0.775" /><testcase classname="backend.tests.test_lumiasign_erp.TestMaterialsStock" name="test_materials_list_all_roles" time="0.661" /><testcase classname="backend.tests.test_lumiasign_erp.TestMaterialsStock" name="test_sales_cannot_create_material" time="0.313" /><testcase classname="backend.tests.test_lumiasign_erp.TestMaterialsStock" name="test_material_crud_and_stock" time="0.908" /><testcase classname="backend.tests.test_lumiasign_erp.TestPurchases" name="test_purchase_receive_flow" time="0.763" /><testcase classname="backend.tests.test_lumiasign_erp.TestInstallation" name="test_install_flow" time="0.860" /><testcase classname="backend.tests.test_lumiasign_erp.TestCosts" name="test_cost_update_recompute" time="0.491" /><testcase classname="backend.tests.test_lumiasign_erp.TestProfitReports" name="test_profit_analysis" time="0.097" /><testcase classname="backend.tests.test_lumiasign_erp.TestProfitReports" name="test_reports_summary" time="0.109" /><testcase classname="backend.tests.test_lumiasign_erp.TestRBAC" name="test_sales_cannot_post_material" time="0.107" /><testcase classname="backend.tests.test_lumiasign_erp.TestRBAC" name="test_store_cannot_post_project" time="0.108" /><testcase classname="backend.tests.test_lumiasign_erp.TestRBAC" name="test_admin_can_access_everything" time="1.178" /><testcase classname="backend.tests.test_lumiasign_erp.TestRBAC" name="test_production_cannot_access_leads" time="0.111" /></testsuite></testsuites>